Walkers initialized out of priors. Walker index: 0, Prior index: 6, Walker position: 6.80250680094933e-05
Prior range (6.9e-05, 0.0073)
Walkers initialized out of priors. Walker index: 2, Prior index: 6, Walker position: 6.871704406102837e-05
Prior range (6.9e-05, 0.0073)
Walkers initialized out of priors. Walker index: 4, Prior index: 7, Walker position: -0.0003806623314923733
Prior range (0.0, 3.0)
Walkers initialized out of priors. Walker index: 5, Prior index: 6, Walker position: 6.799330659584157e-05
Prior range (6.9e-05, 0.0073)
Walkers initialized out of priors. Walker index: 7, Prior index: 6, Walker position: 6.881408138957761e-05
Prior range (6.9e-05, 0.0073)
Walkers initialized out of priors. Walker index: 8, Prior index: 6, Walker position: 6.877383243916618e-05
Prior range (6.9e-05, 0.0073)
Walkers initialized out of priors. Walker index: 9, Prior index: 6, Walker position: 6.820903348838489e-05
Prior range (6.9e-05, 0.0073)
Walkers initialized out of priors. Walker index: 10, Prior index: 6, Walker position: 6.851228352940573e-05
Prior range (6.9e-05, 0.0073)
Walkers initialized out of priors. Walker index: 10, Prior index: 7, Walker position: -0.0004465557871335805
Prior range (0.0, 3.0)
Walkers initialized out of priors. Walker index: 15, Prior index: 6, Walker position: 6.707756304731421e-05
Prior range (6.9e-05, 0.0073)
Walkers initialized out of priors. Walker index: 16, Prior index: 6, Walker position: 6.840597352501109e-05
Prior range (6.9e-05, 0.0073)
Walkers initialized out of priors. Walker index: 17, Prior index: 7, Walker position: -3.7278425220019885e-05
Prior range (0.0, 3.0)
Walkers initialized out of priors. Walker index: 18, Prior index: 6, Walker position: 6.749204891582262e-05
Prior range (6.9e-05, 0.0073)
Walkers initialized out of priors. Walker index: 20, Prior index: 6, Walker position: 6.828590696168417e-05
Prior range (6.9e-05, 0.0073)
Walkers initialized out of priors. Walker index: 21, Prior index: 7, Walker position: -1.3669050169973652e-06
Prior range (0.0, 3.0)
Walkers initialized out of priors. Walker index: 22, Prior index: 7, Walker position: -5.329219248389775e-05
Prior range (0.0, 3.0)
Walkers initialized out of priors. Walker index: 24, Prior index: 6, Walker position: 6.89428252422915e-05
Prior range (6.9e-05, 0.0073)
Walkers initialized out of priors. Walker index: 24, Prior index: 7, Walker position: -8.297139951009446e-05
Prior range (0.0, 3.0)
Walkers initialized out of priors. Walker index: 25, Prior index: 7, Walker position: -0.0004815089420314657
Prior range (0.0, 3.0)
Walkers initialized out of priors. Walker index: 29, Prior index: 6, Walker position: 6.793424758864073e-05
Prior range (6.9e-05, 0.0073)
Walkers initialized out of priors. Walker index: 30, Prior index: 6, Walker position: 6.865506244842847e-05
Prior range (6.9e-05, 0.0073)
Walkers initialized out of priors. Walker index: 32, Prior index: 7, Walker position: -3.680208884766325e-05
Prior range (0.0, 3.0)
Walkers initialized out of priors. Walker index: 36, Prior index: 6, Walker position: 6.871703842789497e-05
Prior range (6.9e-05, 0.0073)
Walkers initialized out of priors. Walker index: 38, Prior index: 6, Walker position: 6.80662833078894e-05
Prior range (6.9e-05, 0.0073)
